[0m13:49:52.471729 [debug] [MainThread]: Sending event: {'category': 'dbt', 'action': 'invocation', 'label': 'start', 'context': [<snowplow_tracker.self_describing_json.SelfDescribingJson object at 0x7f296d3fe910>, <snowplow_tracker.self_describing_json.SelfDescribingJson object at 0x7f296c5648e0>, <snowplow_tracker.self_describing_json.SelfDescribingJson object at 0x7f296c564970>]}


============================== 13:49:52.487861 | 9e9a0a3b-2729-4c3c-b137-a8d315303a29 ==============================
[0m13:49:52.487861 [info ] [MainThread]: Running with dbt=1.9.3
[0m13:49:52.489185 [debug] [MainThread]: running dbt with arguments {'printer_width': '80', 'indirect_selection': 'eager', 'write_json': 'True', 'log_cache_events': 'False', 'partial_parse': 'True', 'cache_selected_only': 'False', 'profiles_dir': '/root/.dbt', 'fail_fast': 'False', 'debug': 'False', 'log_path': 'logs', 'version_check': 'True', 'warn_error': 'None', 'use_colors': 'True', 'use_experimental_parser': 'False', 'no_print': 'None', 'quiet': 'False', 'empty': 'None', 'warn_error_options': 'WarnErrorOptions(include=[], exclude=[])', 'introspect': 'True', 'invocation_command': 'dbt init', 'static_parser': 'True', 'target_path': 'None', 'log_format': 'default', 'send_anonymous_usage_stats': 'True'}
[0m13:49:57.174247 [debug] [MainThread]: Starter project path: /usr/local/lib/python3.9/site-packages/dbt/include/starter_project
[0m13:49:57.180325 [info ] [MainThread]: 
Your new dbt project "gh_events" was created!

For more information on how to configure the profiles.yml file,
please consult the dbt documentation here:

  https://docs.getdbt.com/docs/configure-your-profile

One more thing:

Need help? Don't hesitate to reach out to us via GitHub issues or on Slack:

  https://community.getdbt.com/

Happy modeling!

[0m13:49:57.181462 [info ] [MainThread]: Setting up your profile.
[0m13:52:14.880494 [info ] [MainThread]: Profile gh_events written to /root/.dbt/profiles.yml using target's profile_template.yml and your supplied values. Run 'dbt debug' to validate the connection.
[0m13:52:14.885366 [debug] [MainThread]: Resource report: {"command_name": "init", "command_success": true, "command_wall_clock_time": 142.52837, "process_in_blocks": "560", "process_kernel_time": 0.392399, "process_mem_max_rss": "192644", "process_out_blocks": "1168", "process_user_time": 4.036446}
[0m13:52:14.886479 [debug] [MainThread]: Command `dbt init` succeeded at 13:52:14.886192 after 142.53 seconds
[0m13:52:14.887363 [debug] [MainThread]: Sending event: {'category': 'dbt', 'action': 'invocation', 'label': 'end', 'context': [<snowplow_tracker.self_describing_json.SelfDescribingJson object at 0x7f296d3fe910>, <snowplow_tracker.self_describing_json.SelfDescribingJson object at 0x7f296c5903d0>, <snowplow_tracker.self_describing_json.SelfDescribingJson object at 0x7f297039cd90>]}
[0m13:52:14.888349 [debug] [MainThread]: Flushing usage events
[0m13:52:15.255489 [debug] [MainThread]: An error was encountered while trying to flush usage events
